<testsuites id="" name="" tests="1" failures="0" skipped="0" errors="1" time="1.318899000000005">
<testsuite name="example.spec.ts" timestamp="2026-05-12T17:03:58.974Z" hostname="chromium" tests="1" failures="0" skipped="0" time="0.074" errors="1">
<testcase name="homepage returns 200" classname="example.spec.ts" time="0.074">
<system-out>
<![CDATA[
[[ATTACHMENT|..\test-results\example-homepage-returns-200-chromium\error-context.md]]

[[ATTACHMENT|..\test-results\example-homepage-returns-200-chromium\trace.zip]]
]]>
</system-out>
<error message="apiRequestContext.get: Invalid URL" type="TypeError">
<![CDATA[  [chromium] › example.spec.ts:3:5 › homepage returns 200 ──────────────────────────────────────────

    TypeError: apiRequestContext.get: Invalid URL

      2 |
      3 | test('homepage returns 200', async ({ request }) => {
    > 4 |   const resp = await request.get('/');
        |                              ^
      5 |   expect(resp.status()).toBe(200);
      6 | });
      7 |
        at C:\Users\z0190004\ZF_Braking_Agent\cdyp7-harness-tooling-api-webapp\tests\e2e\example.spec.ts:4:30

    Error Context: ..\..\test-results\example-homepage-returns-200-chromium\error-context.md

    attachment #2: trace (application/zip) ─────────────────────────────────────────────────────────
    ..\..\test-results\example-homepage-returns-200-chromium\trace.zip
    Usage:

        npx playwright show-trace ..\..\test-results\example-homepage-returns-200-chromium\trace.zip

    ────────────────────────────────────────────────────────────────────────────────────────────────
]]>
</error>
</testcase>
</testsuite>
</testsuites>